2018-10-15T15:53:02+00:00 CRITICAL Uncaught Error: Call to undefined function get_cart_total() in C:\xampp\htdocs\tapchisongkhoe\wp-content\themes\doanhnghiep\header.php:62
Stack trace:
#0 C:\xampp\htdocs\tapchisongkhoe\wp-includes\template.php(688): require_once()
#1 C:\xampp\htdocs\tapchisongkhoe\wp-includes\template.php(647): load_template('C:\\xampp\\htdocs...', true)
#2 C:\xampp\htdocs\tapchisongkhoe\wp-includes\general-template.php(41): locate_template(Array, true)
#3 C:\xampp\htdocs\tapchisongkhoe\wp-content\themes\doanhnghiep\page-template-trangchu.php(6): get_header()
#4 C:\xampp\htdocs\tapchisongkhoe\wp-includes\template-loader.php(74): include('C:\\xampp\\htdocs...')
#5 C:\xampp\htdocs\tapchisongkhoe\wp-blog-header.php(19): require_once('C:\\xampp\\htdocs...')
#6 C:\xampp\htdocs\tapchisongkhoe\index.php(17): require('C:\\xampp\\htdocs...')
#7 {main}
  thrown

2018-10-15T16:00:06+00:00 CRITICAL Uncaught Error: Call to undefined method WC_Cart::floatval() in C:\xampp\htdocs\tapchisongkhoe\wp-content\themes\doanhnghiep\header.php:64
Stack trace:
#0 C:\xampp\htdocs\tapchisongkhoe\wp-includes\template.php(688): require_once()
#1 C:\xampp\htdocs\tapchisongkhoe\wp-includes\template.php(647): load_template('C:\\xampp\\htdocs...', true)
#2 C:\xampp\htdocs\tapchisongkhoe\wp-includes\general-template.php(41): locate_template(Array, true)
#3 C:\xampp\htdocs\tapchisongkhoe\wp-content\themes\doanhnghiep\page-template-trangchu.php(6): get_header()
#4 C:\xampp\htdocs\tapchisongkhoe\wp-includes\template-loader.php(74): include('C:\\xampp\\htdocs...')
#5 C:\xampp\htdocs\tapchisongkhoe\wp-blog-header.php(19): require_once('C:\\xampp\\htdocs...')
#6 C:\xampp\htdocs\tapchisongkhoe\index.php(17): require('C:\\xampp\\htdocs...')
#7 {main}
  thrown

