2018-10-18T13:46:15+00:00 CRITICAL Uncaught Error: Call to undefined function emptyempty() in C:\xampp\htdocs\tapchisongkhoe\wp-content\themes\doanhnghiep\register.php:30
Stack trace:
#0 C:\xampp\htdocs\tapchisongkhoe\wp-includes\template-loader.php(74): include()
#1 C:\xampp\htdocs\tapchisongkhoe\wp-blog-header.php(19): require_once('C:\\xampp\\htdocs...')
#2 C:\xampp\htdocs\tapchisongkhoe\index.php(17): require('C:\\xampp\\htdocs...')
#3 {main}
  thrown

2018-10-18T13:47:21+00:00 CRITICAL Uncaught Error: Call to undefined function emptyempty() in C:\xampp\htdocs\tapchisongkhoe\wp-content\themes\doanhnghiep\register.php:30
Stack trace:
#0 C:\xampp\htdocs\tapchisongkhoe\wp-includes\template-loader.php(74): include()
#1 C:\xampp\htdocs\tapchisongkhoe\wp-blog-header.php(19): require_once('C:\\xampp\\htdocs...')
#2 C:\xampp\htdocs\tapchisongkhoe\index.php(17): require('C:\\xampp\\htdocs...')
#3 {main}
  thrown

2018-10-18T14:15:38+00:00 CRITICAL Uncaught Error: Call to undefined function emptyempty() in C:\xampp\htdocs\tapchisongkhoe\wp-content\themes\doanhnghiep\register.php:30
Stack trace:
#0 C:\xampp\htdocs\tapchisongkhoe\wp-includes\template-loader.php(74): include()
#1 C:\xampp\htdocs\tapchisongkhoe\wp-blog-header.php(19): require_once('C:\\xampp\\htdocs...')
#2 C:\xampp\htdocs\tapchisongkhoe\index.php(17): require('C:\\xampp\\htdocs...')
#3 {main}
  thrown

